<?xml version="1.0" encoding="UTF-8"?>
<!-- Generated by org.testng.reporters.JUnitXMLReporter -->
<testsuite ignored="0" hostname="AGI-LT-1922" failures="0" tests="6" name="Test3" time="0.038" errors="0" timestamp="2021-10-07T12:50:09 IST">
  <testcase classname="com.girish.am.AMTesting.TestNGDemo1" name="@BeforeTest SetUP" time="0.006">
    <failure type="java.lang.IllegalStateException" message="The driver executable does not exist: C:\Users\SARAVANAN R\Desktop\AriseGlobalB3\chromedriver.exe">
      <![CDATA[java.lang.IllegalStateException: The driver executable does not exist: C:\Users\SARAVANAN R\Desktop\AriseGlobalB3\chromedriver.exe
at com.google.common.base.Preconditions.checkState(Preconditions.java:585)
at org.openqa.selenium.remote.service.DriverService.checkExecutable(DriverService.java:146)
at org.openqa.selenium.remote.service.DriverService.findExecutable(DriverService.java:141)
at org.openqa.selenium.chrome.ChromeDriverService.access$000(ChromeDriverService.java:35)
at org.openqa.selenium.chrome.ChromeDriverService$Builder.findDefaultExecutable(ChromeDriverService.java:159)
at org.openqa.selenium.remote.service.DriverService$Builder.build(DriverService.java:355)
at org.openqa.selenium.chrome.ChromeDriverService.createDefaultService(ChromeDriverService.java:94)
at org.openqa.selenium.chrome.ChromeDriver.<init>(ChromeDriver.java:123)
at com.girish.am.AMTesting.TestNGDemo1.SetUP(TestNGDemo1.java:26)
... Removed 24 stack frames]]>
    </failure>
  </testcase> <!-- @BeforeTest SetUP -->
  <testcase classname="com.girish.am.AMTesting.TestNGTest" name="@BeforeTest setUP" time="-1.6335912098E9">
    <skipped/>
  </testcase> <!-- @BeforeTest setUP -->
  <testcase classname="com.girish.am.AMTesting.Test" name="@AfterTest distroy" time="-1.633591209823E9">
    <skipped/>
  </testcase> <!-- @AfterTest distroy -->
  <testcase classname="com.girish.am.AMTesting.TestNGDemo1" name="@AfterTest tearDown" time="-1.633591209824E9">
    <skipped/>
  </testcase> <!-- @AfterTest tearDown -->
  <testcase classname="com.girish.am.AMTesting.TestNGTest" name="@AfterTest tearDown" time="-1.633591209825E9">
    <skipped/>
  </testcase> <!-- @AfterTest tearDown -->
  <testcase classname="com.girish.am.AMTesting.Demo" name="google" time="0.0">
    <skipped/>
  </testcase> <!-- google -->
  <testcase classname="com.girish.am.AMTesting.TestNGDemo1" name="Google" time="0.0">
    <skipped/>
  </testcase> <!-- Google -->
  <testcase classname="com.girish.am.AMTesting.TestNGDemo2" name="OpenApp" time="0.0">
    <skipped/>
  </testcase> <!-- OpenApp -->
  <testcase classname="com.girish.am.AMTesting.TestNGDemo2" name="CloseApp" time="0.0">
    <skipped/>
  </testcase> <!-- CloseApp -->
  <testcase classname="com.girish.am.AMTesting.TestNGDemo3" name="OpenApp" time="0.0">
    <skipped/>
  </testcase> <!-- OpenApp -->
  <testcase classname="com.girish.am.AMTesting.TestNGDemo4" name="OpenApp" time="0.0">
    <skipped/>
  </testcase> <!-- OpenApp -->
</testsuite> <!-- Test3 -->
